Option d is ambiguous (delete, dir, dup_length)
Failed to process /home/yuan/bio/results/P00001/quality_control
Started analysis of 197_L1_R2.fq
java.io.FileNotFoundException: /home/yuan/bio/results/P00001/quality_control (Is a directory)
	at java.base/java.io.FileInputStream.open0(Native Method)
	at java.base/java.io.FileInputStream.open(FileInputStream.java:219)
	at java.base/java.io.FileInputStream.<init>(FileInputStream.java:157)
	at uk.ac.babraham.FastQC.Sequence.FastQFile.<init>(FastQFile.java:77)
	at uk.ac.babraham.FastQC.Sequence.SequenceFactory.getSequenceFile(SequenceFactory.java:106)
	at uk.ac.babraham.FastQC.Sequence.SequenceFactory.getSequenceFile(SequenceFactory.java:62)
	at uk.ac.babraham.FastQC.Analysis.OfflineRunner.processFile(OfflineRunner.java:163)
	at uk.ac.babraham.FastQC.Analysis.OfflineRunner.<init>(OfflineRunner.java:125)
	at uk.ac.babraham.FastQC.FastQCApplication.main(FastQCApplication.java:316)
Approx 5% complete for 197_L1_R2.fq
Approx 10% complete for 197_L1_R2.fq
Approx 15% complete for 197_L1_R2.fq
Approx 20% complete for 197_L1_R2.fq
Approx 25% complete for 197_L1_R2.fq
Approx 30% complete for 197_L1_R2.fq
Approx 35% complete for 197_L1_R2.fq
Approx 40% complete for 197_L1_R2.fq
Approx 45% complete for 197_L1_R2.fq
Approx 50% complete for 197_L1_R2.fq
Approx 55% complete for 197_L1_R2.fq
Approx 60% complete for 197_L1_R2.fq
Approx 65% complete for 197_L1_R2.fq
Approx 70% complete for 197_L1_R2.fq
Approx 75% complete for 197_L1_R2.fq
Approx 80% complete for 197_L1_R2.fq
Approx 85% complete for 197_L1_R2.fq
Approx 90% complete for 197_L1_R2.fq
Approx 95% complete for 197_L1_R2.fq
Approx 100% complete for 197_L1_R2.fq
